<?xml version="1.0" encoding="UTF-8"?>
<testng-results ignored="0" total="1" passed="1" failed="0" skipped="0">
  <reporter-output>
  </reporter-output>
  <suite started-at="2025-07-22T10:35:10 IST" name="Suite" finished-at="2025-07-22T10:35:18 IST" duration-ms="7404">
    <groups>
      <group name="Master">
        <method signature="TC002_LoginPageTest.verify_Login()[pri:0, instance:testCases.TC002_LoginPageTest@34bde49d]" name="verify_Login" class="testCases.TC002_LoginPageTest"/>
      </group> <!-- Master -->
      <group name="Sanity">
        <method signature="TC002_LoginPageTest.verify_Login()[pri:0, instance:testCases.TC002_LoginPageTest@34bde49d]" name="verify_Login" class="testCases.TC002_LoginPageTest"/>
      </group> <!-- Sanity -->
      <group name="Regression">
        <method signature="TC002_LoginPageTest.verify_Login()[pri:0, instance:testCases.TC002_LoginPageTest@34bde49d]" name="verify_Login" class="testCases.TC002_LoginPageTest"/>
      </group> <!-- Regression -->
    </groups>
    <test started-at="2025-07-22T10:35:10 IST" name="Test" finished-at="2025-07-22T10:35:18 IST" duration-ms="7404">
      <class name="testCases.TC002_LoginPageTest">
        <test-method is-config="true" signature="setup(java.lang.String,java.lang.String)[pri:0, instance:testCases.TC002_LoginPageTest@34bde49d]" started-at="2025-07-22T10:35:11 IST" name="setup" finished-at="2025-07-22T10:35:16 IST" duration-ms="4918" status="PASS">
          <params>
            <param index="0">
              <value>
                <![CDATA[Windows]]>
              </value>
            </param>
            <param index="1">
              <value>
                <![CDATA[chrome]]>
              </value>
            </param>
          </params>
          <reporter-output>
          </reporter-output>
        </test-method> <!-- setup -->
        <test-method signature="verify_Login()[pri:0, instance:testCases.TC002_LoginPageTest@34bde49d]" started-at="2025-07-22T10:35:16 IST" name="verify_Login" finished-at="2025-07-22T10:35:18 IST" duration-ms="1927" status="PASS">
          <reporter-output>
          </reporter-output>
        </test-method> <!-- verify_Login -->
        <test-method is-config="true" signature="tearDown()[pri:0, instance:testCases.TC002_LoginPageTest@34bde49d]" started-at="2025-07-22T10:35:18 IST" name="tearDown" finished-at="2025-07-22T10:35:18 IST" duration-ms="182" status="PASS">
          <reporter-output>
          </reporter-output>
        </test-method> <!-- tearDown -->
      </class> <!-- testCases.TC002_LoginPageTest -->
    </test> <!-- Test -->
  </suite> <!-- Suite -->
</testng-results>
